---------------------------------------------------------------
[ 2018-04-27T23:06:04+08:00 ] 127.0.0.1 POST /bis/index/test
[ info ] yaff.colorful.com/bis/index/test [运行时间：0.000000s][吞吐率：∞req/s] [内存消耗：0.00kb] [文件加载：11]
[ info ] [ LOG ] INIT File
[ info ] [ HEADER ] array (
  'host' => 'yaff.colorful.com',
  'user-agent' => 'PostmanRuntime/7.1.1',
  'content-length' => '267',
  'accept' => '*/*',
  'accept-encoding' => 'gzip, deflate',
  'accesstoken' => 'hSX2l7eK6t1onyobiNqtC8tWD/7JWay3XCOsn9JWOlO4zrLg+gCHbXRaWc5Sv9Sm',
  'appname' => 'barbershop',
  'cache-control' => 'no-cache',
  'content-type' => 'multipart/form-data; boundary=--------------------------083066609009345571074134',
  'postman-token' => '6615a16f-f704-43ad-8f01-c9c1a3ad5d6f',
  'sign' => 'Ht0f4tPLcM9YYwZtchaXQVg9AtNFyM0AbQz3NodH4ga\\/SgJ6\\/nS4Av5osbUDFxzNJqReGNvxBipnNfkkSwYJGg==',
  'x-lantern-version' => '4.5.9',
)
[ info ] [ PARAM ] array (
  'name' => 'cocc',
  'asd' => 'dd',
)
[ info ] [ RESPONSE ] array (
  'errno' => -1002,
  'errmsg' => '哈哈哈哈',
  'data' => 
  array (
    'uname' => 'Colorful',
    'pwd' => '1234098',
    'ctime' => 0,
  ),
)
---------------------------------------------------------------
[ 2018-04-27T23:32:21+08:00 ] 127.0.0.1 POST /bis/index/test
[ info ] yaff.colorful.com/bis/index/test [运行时间：-0.000001s][吞吐率：∞req/s] [内存消耗：0.00kb] [文件加载：11]
[ info ] [ HEADER ] array (
  'host' => 'yaff.colorful.com',
  'user-agent' => 'PostmanRuntime/7.1.1',
  'content-length' => '267',
  'accept' => '*/*',
  'accept-encoding' => 'gzip, deflate',
  'accesstoken' => 'hSX2l7eK6t1onyobiNqtC8tWD/7JWay3XCOsn9JWOlO4zrLg+gCHbXRaWc5Sv9Sm',
  'appname' => 'barbershop',
  'cache-control' => 'no-cache',
  'content-type' => 'multipart/form-data; boundary=--------------------------193894365410831181642428',
  'postman-token' => 'e3a4f15d-176a-413d-a58c-e1aa793081dd',
  'sign' => 'Ht0f4tPLcM9YYwZtchaXQVg9AtNFyM0AbQz3NodH4ga\\/SgJ6\\/nS4Av5osbUDFxzNJqReGNvxBipnNfkkSwYJGg==',
  'x-lantern-version' => '4.5.9',
)
[ info ] [ LOG ] INIT File
[ info ] [ PARAM ] array (
  'name' => 'cocc',
  'asd' => 'dd',
)
[ info ] [ RESPONSE ] array (
  'errno' => -1002,
  'errmsg' => '哈哈哈哈',
  'data' => 
  array (
    'uname' => 'Colorful',
    'pwd' => '1234098',
    'ctime' => 0,
  ),
)
---------------------------------------------------------------
[ 2018-04-27T23:37:43+08:00 ] 127.0.0.1 POST /bis/index/test
[ info ] yaff.colorful.com/bis/index/test [运行时间：0.000000s][吞吐率：∞req/s] [内存消耗：0.00kb] [文件加载：11]
[ info ] [ HEADER ] array (
  'host' => 'yaff.colorful.com',
  'user-agent' => 'PostmanRuntime/7.1.1',
  'content-length' => '267',
  'accept' => '*/*',
  'accept-encoding' => 'gzip, deflate',
  'accesstoken' => 'hSX2l7eK6t1onyobiNqtC8tWD/7JWay3XCOsn9JWOlO4zrLg+gCHbXRaWc5Sv9Sm',
  'appname' => 'barbershop',
  'cache-control' => 'no-cache',
  'content-type' => 'multipart/form-data; boundary=--------------------------488422472323782273474082',
  'postman-token' => '38cefef2-7530-4894-913c-3e4e3f2da35c',
  'sign' => 'Ht0f4tPLcM9YYwZtchaXQVg9AtNFyM0AbQz3NodH4ga\\/SgJ6\\/nS4Av5osbUDFxzNJqReGNvxBipnNfkkSwYJGg==',
  'x-lantern-version' => '4.5.9',
)
[ info ] [ LOG ] INIT File
[ info ] [ PARAM ] array (
  'name' => 'cocc',
  'asd' => 'dd',
)
[ info ] [ RESPONSE ] array (
  'errno' => -1002,
  'errmsg' => '哈哈哈哈',
  'data' => 
  array (
    'uname' => 'Colorful',
    'pwd' => '1234098',
    'ctime' => 0,
  ),
)
---------------------------------------------------------------
[ 2018-04-27T23:37:53+08:00 ] 127.0.0.1 POST /bis/bisuser/login
[ info ] yaff.colorful.com/bis/bisuser/login [运行时间：-0.000001s][吞吐率：∞req/s] [内存消耗：0.00kb] [文件加载：10]
[ info ] [ HEADER ] array (
  'host' => 'yaff.colorful.com',
  'user-agent' => 'PostmanRuntime/7.1.1',
  'content-length' => '276',
  'accept' => '*/*',
  'accept-encoding' => 'gzip, deflate',
  'appname' => 'barbershop',
  'cache-control' => 'no-cache',
  'content-type' => 'multipart/form-data; boundary=--------------------------760292379222692700460511',
  'postman-token' => '2f1ef9c0-ff1f-43f3-aae8-b5e739b49d22',
  'sign' => 'Ht0f4tPLcM9YYwZtchaXQVg9AtNFyM0AbQz3NodH4ga\\/SgJ6\\/nS4Av5osbUDFxzNJqReGNvxBipnNfkkSwYJGg==',
  'version' => '1.0',
  'x-lantern-version' => '4.5.9',
)
[ info ] [ LOG ] INIT File
[ info ] [ PARAM ] array (
  'uname' => 'colorful',
  'pwd' => '123456',
)
---------------------------------------------------------------
[ 2018-04-27T23:40:04+08:00 ] 127.0.0.1 POST /bis/bisuser/login
[ info ] yaff.colorful.com/bis/bisuser/login [运行时间：-0.000001s][吞吐率：∞req/s] [内存消耗：0.00kb] [文件加载：10]
[ info ] [ HEADER ] array (
  'host' => 'yaff.colorful.com',
  'user-agent' => 'PostmanRuntime/7.1.1',
  'content-length' => '271',
  'accept' => '*/*',
  'accept-encoding' => 'gzip, deflate',
  'appname' => 'barbershop',
  'cache-control' => 'no-cache',
  'content-type' => 'multipart/form-data; boundary=--------------------------744912299179640894566310',
  'postman-token' => 'd478e8d0-22be-4d00-a9a6-027c7893f877',
  'sign' => 'Ht0f4tPLcM9YYwZtchaXQVg9AtNFyM0AbQz3NodH4ga\\/SgJ6\\/nS4Av5osbUDFxzNJqReGNvxBipnNfkkSwYJGg==',
  'version' => '1.0',
  'x-lantern-version' => '4.5.9',
)
[ info ] [ LOG ] INIT File
[ info ] [ PARAM ] array (
  'uname' => 'yzg',
  'pwd' => '123456',
)
[ info ] [ RESPONSE ] array (
  'errno' => 0,
  'errmsg' => '',
  'data' => 
  array (
    'token' => 'DtgYHuL7+6JMbaQU0MqVdDUNUYJuvq0mLxFb8PRSbZ36429EcGQU+O+c29Ab1T+8',
    'uid' => 3,
    'uname' => 'yzg',
  ),
)
---------------------------------------------------------------
[ 2018-04-27T23:50:03+08:00 ] 117.136.47.147 POST /bis/bisuser/login
[ info ] yaf.colorful3.com/bis/bisuser/login [运行时间：0.000000s][吞吐率：∞req/s] [内存消耗：0.00kb] [文件加载：10]
[ info ] [ HEADER ] array (
  'x-lantern-version' => '4.5.9',
  'version' => '1.0',
  'sign' => 'Ht0f4tPLcM9YYwZtchaXQVg9AtNFyM0AbQz3NodH4ga\\/SgJ6\\/nS4Av5osbUDFxzNJqReGNvxBipnNfkkSwYJGg==',
  'postman-token' => 'c8a5306a-deeb-4fd7-895f-401106d57c69',
  'cookie' => 'PHPSESSID=o285bgkogrdf2cvf5bg74qr18q',
  'content-type' => 'multipart/form-data; boundary=--------------------------281162385096022967493702',
  'cache-control' => 'no-cache',
  'appname' => 'barbershop',
  'accept-encoding' => 'gzip, deflate',
  'accept' => '*/*',
  'content-length' => '271',
  'user-agent' => 'PostmanRuntime/7.1.1',
  'host' => 'yaf.colorful3.com',
)
[ info ] [ LOG ] INIT File
[ info ] [ PARAM ] array (
  'bis/bisuser/login' => '',
  'uname' => 'yzg',
  'pwd' => '123456',
)
[ info ] [ RESPONSE ] array (
  'errno' => 0,
  'errmsg' => '',
  'data' => 
  array (
    'token' => 'MtYKVchqJ+vXk/eEvajVbtvK6AUEJuAhyVgbP9e2DhpHOXMdwDSyT/ZGWWb2oh0i',
    'uid' => 3,
    'uname' => 'yzg',
  ),
)
---------------------------------------------------------------
[ 2018-04-27T23:50:31+08:00 ] 117.136.47.147 POST /bis/bisuser/login
[ info ] yaf.colorful3.com/bis/bisuser/login [运行时间：0.000000s][吞吐率：∞req/s] [内存消耗：0.00kb] [文件加载：10]
[ info ] [ HEADER ] array (
  'x-lantern-version' => '4.5.9',
  'version' => '1.0',
  'sign' => 'Ht0f4tPLcM9YYwZtchaXQVg9AtNFyM0AbQz3NodH4ga\\/SgJ6\\/nS4Av5osbUDFxzNJqReGNvxBipnNfkkSwYJGg==',
  'postman-token' => '2f687c47-c28a-45bd-9984-119384c132ec',
  'cookie' => 'PHPSESSID=o285bgkogrdf2cvf5bg74qr18q',
  'content-type' => 'multipart/form-data; boundary=--------------------------754612744736313899532402',
  'cache-control' => 'no-cache',
  'appname' => 'barbershop',
  'accept-encoding' => 'gzip, deflate',
  'accept' => '*/*',
  'content-length' => '279',
  'user-agent' => 'PostmanRuntime/7.1.1',
  'host' => 'yaf.colorful3.com',
)
[ info ] [ LOG ] INIT File
[ info ] [ PARAM ] array (
  'bis/bisuser/login' => '',
  'uname' => 'yangzhaoguo',
  'pwd' => '123456',
)
[ info ] [ RESPONSE ] array (
  'errno' => -1005,
  'errmsg' => '没有此用户或用户状态不合法',
)
---------------------------------------------------------------
[ 2018-04-27T23:51:06+08:00 ] 117.136.47.147 POST /bis/bisuser/login
[ info ] yaf.colorful3.com/bis/bisuser/login [运行时间：0.000000s][吞吐率：∞req/s] [内存消耗：0.00kb] [文件加载：10]
[ info ] [ HEADER ] array (
  'x-lantern-version' => '4.5.9',
  'version' => '1.0',
  'sign' => 'Ht0f4tPLcM9YYwZtchaXQVg9AtNFyM0AbQz3NodH4ga\\/SgJ6\\/nS4Av5osbUDFxzNJqReGNvxBipnNfkkSwYJGg==',
  'postman-token' => 'd79f9636-ee28-4892-88b5-8328e3b0adb8',
  'cookie' => 'PHPSESSID=o285bgkogrdf2cvf5bg74qr18q',
  'content-type' => 'multipart/form-data; boundary=--------------------------837789302898226475329848',
  'cache-control' => 'no-cache',
  'appname' => 'barbershop',
  'accept-encoding' => 'gzip, deflate',
  'accept' => '*/*',
  'content-length' => '271',
  'user-agent' => 'PostmanRuntime/7.1.1',
  'host' => 'yaf.colorful3.com',
)
[ info ] [ LOG ] INIT File
[ info ] [ PARAM ] array (
  'bis/bisuser/login' => '',
  'uname' => 'yzg',
  'pwd' => '123456',
)
[ info ] [ RESPONSE ] array (
  'errno' => 0,
  'errmsg' => '',
  'data' => 
  array (
    'token' => '0c4KgAawsWh+skHdU7xK2/St0BF6SX4WUfIySVIp/a5pnHlq+hkjGNuQPs3GCHPj',
    'uid' => 3,
    'uname' => 'yzg',
  ),
)
---------------------------------------------------------------
[ 2018-04-27T23:51:40+08:00 ] 117.136.47.147 POST /bis/index/test
[ info ] yaf.colorful3.com/bis/index/test [运行时间：-0.000001s][吞吐率：∞req/s] [内存消耗：0.00kb] [文件加载：11]
[ info ] [ HEADER ] array (
  'x-lantern-version' => '4.5.9',
  'sign' => 'Ht0f4tPLcM9YYwZtchaXQVg9AtNFyM0AbQz3NodH4ga\\/SgJ6\\/nS4Av5osbUDFxzNJqReGNvxBipnNfkkSwYJGg==',
  'postman-token' => '4c633eda-db2c-4877-870c-de01e5feac8f',
  'cookie' => 'PHPSESSID=o285bgkogrdf2cvf5bg74qr18q',
  'content-type' => 'multipart/form-data; boundary=--------------------------443126655429746214050519',
  'cache-control' => 'no-cache',
  'appname' => 'barbershop',
  'accesstoken' => 'hSX2l7eK6t1onyobiNqtC8tWD/7JWay3XCOsn9JWOlO4zrLg+gCHbXRaWc5Sv9Sm',
  'accept-encoding' => 'gzip, deflate',
  'accept' => '*/*',
  'content-length' => '267',
  'user-agent' => 'PostmanRuntime/7.1.1',
  'host' => 'yaf.colorful3.com',
)
[ info ] [ LOG ] INIT File
[ info ] [ PARAM ] array (
  'bis/index/test' => '',
  'name' => 'cocc',
  'asd' => 'dd',
)
[ info ] [ RESPONSE ] array (
  'errno' => -1002,
  'errmsg' => '哈哈哈哈',
  'data' => 
  array (
    'uname' => 'Colorful',
    'pwd' => '1234098',
    'ctime' => 0,
  ),
)
---------------------------------------------------------------
[ 2018-04-27T23:51:55+08:00 ] 117.136.47.147 POST /bis/bisuser/register
[ info ] yaf.colorful3.com/bis/bisuser/register [运行时间：-0.000001s][吞吐率：∞req/s] [内存消耗：0.00kb] [文件加载：10]
[ info ] [ HEADER ] array (
  'x-lantern-version' => '4.5.9',
  'sign' => 'Ht0f4tPLcM9YYwZtchaXQVg9AtNFyM0AbQz3NodH4ga\\/SgJ6\\/nS4Av5osbUDFxzNJqReGNvxBipnNfkkSwYJGg==',
  'postman-token' => '5d4d4e7d-cc36-476a-95a8-44d764e31ef9',
  'cookie' => 'PHPSESSID=o285bgkogrdf2cvf5bg74qr18q',
  'content-type' => 'multipart/form-data; boundary=--------------------------250727661510709373227582',
  'cache-control' => 'no-cache',
  'appname' => 'barbershop',
  'accept-encoding' => 'gzip, deflate',
  'accept' => '*/*',
  'content-length' => '401',
  'user-agent' => 'PostmanRuntime/7.1.1',
  'host' => 'yaf.colorful3.com',
)
[ info ] [ LOG ] INIT File
[ info ] [ PARAM ] array (
  'bis/bisuser/register' => '',
  'uname' => 'yangzhaoguo',
  'pwd' => '123456',
  'email' => 'yangzhaoguo@qq.com',
)
[ info ] [ RESPONSE ] array (
  'errno' => -1002,
  'errmsg' => '该用户已存在，请重新输入用户名',
)
